2017-02-13 22:48:57.109  INFO 5440 --- [main] c.m.cms.CmsAppM1030436Application        : Starting CmsAppM1030436Application on DESKTOP-LEN7IL0 with PID 5440 (C:\Users\Shazzy\Downloads\CMS_M1030563-master\target\classes started by Shazzy in C:\Users\Shazzy\Downloads\CMS_M1030563-master)
2017-02-13 22:48:57.112  INFO 5440 --- [main] c.m.cms.CmsAppM1030436Application        : No active profile set, falling back to default profiles: default
2017-02-13 22:48:57.149  INFO 5440 --- [main] ationConfigEmbeddedWebApplicationContext : Refreshing org.springframework.boot.context.embedded.AnnotationConfigEmbeddedWebApplicationContext@49ec71f8: startup date [Mon Feb 13 22:48:57 IST 2017]; root of context hierarchy
2017-02-13 22:48:58.008  INFO 5440 --- [main] o.s.b.f.config.PropertiesFactoryBean     : Loading properties file from URL [jar:file:/C:/Users/Shazzy/.m2/repository/org/springframework/integration/spring-integration-core/4.3.5.RELEASE/spring-integration-core-4.3.5.RELEASE.jar!/META-INF/spring.integration.default.properties]
2017-02-13 22:48:58.015  INFO 5440 --- [main] o.s.i.config.IntegrationRegistrar        : No bean named 'integrationHeaderChannelRegistry' has been explicitly defined. Therefore, a default DefaultHeaderChannelRegistry will be created.
2017-02-13 22:48:58.240  INFO 5440 --- [main] faultConfiguringBeanFactoryPostProcessor : No bean named 'errorChannel' has been explicitly defined. Therefore, a default PublishSubscribeChannel will be created.
2017-02-13 22:48:58.247  INFO 5440 --- [main] faultConfiguringBeanFactoryPostProcessor : No bean named 'taskScheduler' has been explicitly defined. Therefore, a default ThreadPoolTaskScheduler will be created.
2017-02-13 22:48:58.262  INFO 5440 --- [main] f.a.AutowiredAnnotationBeanPostProcessor : JSR-330 'javax.inject.Inject' annotation found and supported for autowiring
2017-02-13 22:48:58.396  INFO 5440 --- [main] trationDelegate$BeanPostProcessorChecker : Bean 'org.springframework.transaction.annotation.ProxyTransactionManagementConfiguration' of type [class org.springframework.transaction.annotation.ProxyTransactionManagementConfiguration$$EnhancerBySpringCGLIB$$c47c5921] is not eligible for getting processed by all BeanPostProcessors (for example: not eligible for auto-proxying)
2017-02-13 22:48:58.583  INFO 5440 --- [main] o.s.b.f.config.PropertiesFactoryBean     : Loading properties file from URL [jar:file:/C:/Users/Shazzy/.m2/repository/org/springframework/integration/spring-integration-core/4.3.5.RELEASE/spring-integration-core-4.3.5.RELEASE.jar!/META-INF/spring.integration.default.properties]
2017-02-13 22:48:58.584  INFO 5440 --- [main] trationDelegate$BeanPostProcessorChecker : Bean 'integrationGlobalProperties' of type [class org.springframework.beans.factory.config.PropertiesFactoryBean] is not eligible for getting processed by all BeanPostProcessors (for example: not eligible for auto-proxying)
2017-02-13 22:48:58.592  INFO 5440 --- [main] trationDelegate$BeanPostProcessorChecker : Bean 'integrationGlobalProperties' of type [class java.util.Properties] is not eligible for getting processed by all BeanPostProcessors (for example: not eligible for auto-proxying)
2017-02-13 22:48:59.166  INFO 5440 --- [main] s.b.c.e.t.TomcatEmbeddedServletContainer : Tomcat initialized with port(s): 8080 (http)
2017-02-13 22:48:59.178  INFO 5440 --- [main] o.apache.catalina.core.StandardService   : Starting service Tomcat
2017-02-13 22:48:59.179  INFO 5440 --- [main] org.apache.catalina.core.StandardEngine  : Starting Servlet Engine: Apache Tomcat/8.5.6
2017-02-13 22:48:59.448  INFO 5440 --- [localhost-startStop-1] org.apache.jasper.servlet.TldScanner     : At least one JAR was scanned for TLDs yet contained no TLDs. Enable debug logging for this logger for a complete list of JARs that were scanned but no TLDs were found in them. Skipping unneeded JARs during scanning can improve startup time and JSP compilation time.
2017-02-13 22:48:59.457  INFO 5440 --- [localhost-startStop-1] o.a.c.c.C.[Tomcat].[localhost].[/]       : Initializing Spring embedded WebApplicationContext
2017-02-13 22:48:59.458  INFO 5440 --- [localhost-startStop-1] o.s.web.context.ContextLoader            : Root WebApplicationContext: initialization completed in 2311 ms
2017-02-13 22:48:59.651  INFO 5440 --- [localhost-startStop-1] o.s.b.w.servlet.FilterRegistrationBean   : Mapping filter: 'characterEncodingFilter' to: [/*]
2017-02-13 22:48:59.653  INFO 5440 --- [localhost-startStop-1] .s.DelegatingFilterProxyRegistrationBean : Mapping filter: 'springSecurityFilterChain' to: [/*]
2017-02-13 22:48:59.657  INFO 5440 --- [localhost-startStop-1] o.s.b.w.servlet.ServletRegistrationBean  : Mapping servlet: 'dispatcherServlet' to [/]
2017-02-13 22:48:59.898  INFO 5440 --- [main] o.s.aop.framework.CglibAopProxy          : Unable to proxy method [protected final org.springframework.context.ApplicationContext org.springframework.security.config.annotation.web.configuration.WebSecurityConfigurerAdapter.getApplicationContext()] because it is final: All calls to this method via a proxy will NOT be routed to the target instance.
2017-02-13 22:48:59.898  INFO 5440 --- [main] o.s.aop.framework.CglibAopProxy          : Unable to proxy method [protected final org.springframework.security.config.annotation.web.builders.HttpSecurity org.springframework.security.config.annotation.web.configuration.WebSecurityConfigurerAdapter.getHttp() throws java.lang.Exception] because it is final: All calls to this method via a proxy will NOT be routed to the target instance.
2017-02-13 22:48:59.929  INFO 5440 --- [main] com.mindtree.cms.aspect.MyLogger         : ***** Starting: sessionFactory *****
2017-02-13 22:48:59.943  INFO 5440 --- [main] com.mindtree.cms.aspect.MyLogger         : ***** Starting: dataSource *****
2017-02-13 22:48:59.950  INFO 5440 --- [main] o.s.j.d.DriverManagerDataSource          : Loaded JDBC driver: com.mysql.jdbc.Driver
2017-02-13 22:48:59.950  INFO 5440 --- [main] com.mindtree.cms.aspect.MyLogger         : ***** Completed: dataSource *****
2017-02-13 22:49:00.002  INFO 5440 --- [main] com.mindtree.cms.aspect.MyLogger         : ***** Completed: sessionFactory *****
2017-02-13 22:49:02.450  INFO 5440 --- [main] com.mindtree.cms.aspect.MyLogger         : ***** Starting: transactionManager *****
2017-02-13 22:49:02.460  INFO 5440 --- [main] com.mindtree.cms.aspect.MyLogger         : ***** Completed: transactionManager *****
2017-02-13 22:49:02.476  INFO 5440 --- [main] o.s.o.h.HibernateTransactionManager      : Using DataSource [org.springframework.jdbc.datasource.DriverManagerDataSource@4422dd48] of Hibernate SessionFactory for HibernateTransactionManager
2017-02-13 22:49:02.528  INFO 5440 --- [main] s.w.s.m.m.a.RequestMappingHandlerMapping : Mapped "{[/secure/deleteBlogHere]}" onto public java.lang.String com.mindtree.cms.controller.LoginController.doDelete(org.springframework.ui.Model) throws java.lang.Exception
2017-02-13 22:49:02.533  INFO 5440 --- [main] s.w.s.m.m.a.RequestMappingHandlerMapping : Mapped "{[/secure/addBlog]}" onto public java.lang.String com.mindtree.cms.controller.LoginController.addBlogContents(org.springframework.ui.Model)
2017-02-13 22:49:02.534  INFO 5440 --- [main] s.w.s.m.m.a.RequestMappingHandlerMapping : Mapped "{[/secure/result],methods=[POST]}" onto public java.lang.String com.mindtree.cms.controller.LoginController.success(com.mindtree.cms.pojo.Blog,org.springframework.validation.BindingResult,org.springframework.ui.ModelMap) throws java.lang.Exception
2017-02-13 22:49:02.534  INFO 5440 --- [main] s.w.s.m.m.a.RequestMappingHandlerMapping : Mapped "{[/secure/home]}" onto public java.lang.String com.mindtree.cms.controller.LoginController.homePage()
2017-02-13 22:49:02.534  INFO 5440 --- [main] s.w.s.m.m.a.RequestMappingHandlerMapping : Mapped "{[/secure/deleteBlog],methods=[GET]}" onto public java.lang.String com.mindtree.cms.controller.LoginController.getBlogDetails(java.lang.String,java.lang.String,org.springframework.ui.Model) throws java.lang.NumberFormatException,java.lang.Exception
2017-02-13 22:49:02.535  INFO 5440 --- [main] s.w.s.m.m.a.RequestMappingHandlerMapping : Mapped "{[/addBlogComment],methods=[POST]}" onto public java.util.List<com.mindtree.cms.pojo.Comment> com.mindtree.cms.controller.NavigationController.saveBlogComments(com.mindtree.cms.pojo.Comment,javax.servlet.http.HttpServletRequest,javax.servlet.http.HttpServletResponse)
2017-02-13 22:49:02.535  INFO 5440 --- [main] s.w.s.m.m.a.RequestMappingHandlerMapping : Mapped "{[/backToMain],methods=[GET]}" onto public java.lang.String com.mindtree.cms.controller.NavigationController.doGoBacktoView(java.lang.String,org.springframework.ui.Model) throws java.lang.Exception
2017-02-13 22:49:02.535  INFO 5440 --- [main] s.w.s.m.m.a.RequestMappingHandlerMapping : Mapped "{[/openBlog],methods=[GET]}" onto public java.lang.String com.mindtree.cms.controller.NavigationController.getBlogDetails(java.lang.String,java.lang.String,org.springframework.ui.Model) throws java.lang.NumberFormatException,java.lang.Exception
2017-02-13 22:49:02.535  INFO 5440 --- [main] s.w.s.m.m.a.RequestMappingHandlerMapping : Mapped "{[/]}" onto public java.lang.String com.mindtree.cms.controller.NavigationController.viewFirst(org.springframework.ui.ModelMap)
2017-02-13 22:49:02.541  INFO 5440 --- [main] s.w.s.m.m.a.RequestMappingHandlerMapping : Mapped "{[/userLogin],methods=[POST]}" onto public java.lang.String com.mindtree.cms.controller.NavigationController.doLogin(com.mindtree.cms.pojo.GuestUser,org.springframework.validation.BindingResult,org.springframework.ui.ModelMap) throws java.lang.Exception
2017-02-13 22:49:02.542  INFO 5440 --- [main] s.w.s.m.m.a.RequestMappingHandlerMapping : Mapped "{[/twitter/home],methods=[GET]}" onto public java.util.List<org.springframework.social.twitter.api.Tweet> com.mindtree.cms.controller.SocialController.home(java.lang.String)
2017-02-13 22:49:02.545  INFO 5440 --- [main] s.w.s.m.m.a.RequestMappingHandlerMapping : Mapped "{[/error]}" onto public org.springframework.http.ResponseEntity<java.util.Map<java.lang.String, java.lang.Object>> org.springframework.boot.autoconfigure.web.BasicErrorController.error(javax.servlet.http.HttpServletRequest)
2017-02-13 22:49:02.546  INFO 5440 --- [main] s.w.s.m.m.a.RequestMappingHandlerMapping : Mapped "{[/error],produces=[text/html]}" onto public org.springframework.web.servlet.ModelAndView org.springframework.boot.autoconfigure.web.BasicErrorController.errorHtml(javax.servlet.http.HttpServletRequest,javax.servlet.http.HttpServletResponse)
2017-02-13 22:49:02.572  INFO 5440 --- [main] com.mindtree.cms.aspect.MyLogger         : ***** Starting: addViewControllers *****
2017-02-13 22:49:02.576  INFO 5440 --- [main] com.mindtree.cms.aspect.MyLogger         : ***** Completed: addViewControllers *****
2017-02-13 22:49:02.583  INFO 5440 --- [main] o.s.w.s.handler.SimpleUrlHandlerMapping  : Mapped URL path [/customLogin] onto handler of type [class org.springframework.web.servlet.mvc.ParameterizableViewController]
2017-02-13 22:49:02.638  INFO 5440 --- [main] s.w.s.m.m.a.RequestMappingHandlerAdapter : Looking for @ControllerAdvice: org.springframework.boot.context.embedded.AnnotationConfigEmbeddedWebApplicationContext@49ec71f8: startup date [Mon Feb 13 22:48:57 IST 2017]; root of context hierarchy
2017-02-13 22:49:02.698  INFO 5440 --- [main] com.mindtree.cms.aspect.MyLogger         : ***** Starting: configureViewResolvers *****
2017-02-13 22:49:02.703  INFO 5440 --- [main] com.mindtree.cms.aspect.MyLogger         : ***** Completed: configureViewResolvers *****
2017-02-13 22:49:02.913  INFO 5440 --- [main] o.s.s.web.DefaultSecurityFilterChain     : Creating filter chain: org.springframework.security.web.util.matcher.AnyRequestMatcher@1, [org.springframework.security.web.context.request.async.WebAsyncManagerIntegrationFilter@2744dcae, org.springframework.security.web.context.SecurityContextPersistenceFilter@715fa8c5, org.springframework.security.web.header.HeaderWriterFilter@377949f1, org.springframework.security.web.authentication.logout.LogoutFilter@68a305eb, org.springframework.security.web.authentication.UsernamePasswordAuthenticationFilter@4776e209, org.springframework.security.web.savedrequest.RequestCacheAwareFilter@4b765e92, org.springframework.security.web.servletapi.SecurityContextHolderAwareRequestFilter@622d7e4, org.springframework.security.web.authentication.AnonymousAuthenticationFilter@16d0e521, org.springframework.security.web.session.SessionManagementFilter@1a21f43f, org.springframework.security.web.access.ExceptionTranslationFilter@5f08fe00, org.springframework.security.web.access.intercept.FilterSecurityInterceptor@626e0c86]
2017-02-13 22:49:02.940  INFO 5440 --- [main] com.mindtree.cms.aspect.MyLogger         : ***** Starting: multipartResolver *****
2017-02-13 22:49:02.949  INFO 5440 --- [main] com.mindtree.cms.aspect.MyLogger         : ***** Completed: multipartResolver *****
2017-02-13 22:49:03.304  INFO 5440 --- [main] o.s.s.c.ThreadPoolTaskScheduler          : Initializing ExecutorService  'taskScheduler'
2017-02-13 22:49:03.569  INFO 5440 --- [main] o.s.j.e.a.AnnotationMBeanExporter        : Registering beans for JMX exposure on startup
2017-02-13 22:49:03.580  INFO 5440 --- [main] o.s.j.e.a.AnnotationMBeanExporter        : Bean with name 'integrationMbeanExporter' has been autodetected for JMX exposure
2017-02-13 22:49:03.587  INFO 5440 --- [main] o.s.j.e.a.AnnotationMBeanExporter        : Located managed bean 'integrationMbeanExporter': registering with JMX server as MBean [org.springframework.integration.monitor:name=integrationMbeanExporter,type=IntegrationMBeanExporter]
2017-02-13 22:49:03.627  INFO 5440 --- [main] o.s.i.monitor.IntegrationMBeanExporter   : Registering beans for JMX exposure on startup
2017-02-13 22:49:03.628  INFO 5440 --- [main] o.s.i.monitor.IntegrationMBeanExporter   : Registering MessageChannel nullChannel
2017-02-13 22:49:03.630  INFO 5440 --- [main] o.s.i.monitor.IntegrationMBeanExporter   : Located managed bean 'org.springframework.integration:type=MessageChannel,name=nullChannel': registering with JMX server as MBean [org.springframework.integration:type=MessageChannel,name=nullChannel]
2017-02-13 22:49:03.645  INFO 5440 --- [main] o.s.i.monitor.IntegrationMBeanExporter   : Registering MessageChannel errorChannel
2017-02-13 22:49:03.646  INFO 5440 --- [main] o.s.i.monitor.IntegrationMBeanExporter   : Located managed bean 'org.springframework.integration:type=MessageChannel,name=errorChannel': registering with JMX server as MBean [org.springframework.integration:type=MessageChannel,name=errorChannel]
2017-02-13 22:49:03.683  INFO 5440 --- [main] o.s.i.monitor.IntegrationMBeanExporter   : Located managed bean 'org.springframework.integration:type=MessageHandler,name=errorLogger,bean=internal': registering with JMX server as MBean [org.springframework.integration:type=MessageHandler,name=errorLogger,bean=internal]
2017-02-13 22:49:03.710  INFO 5440 --- [main] o.s.c.support.DefaultLifecycleProcessor  : Starting beans in phase 0
2017-02-13 22:49:03.716  INFO 5440 --- [main] o.s.i.endpoint.EventDrivenConsumer       : Adding {logging-channel-adapter:_org.springframework.integration.errorLogger} as a subscriber to the 'errorChannel' channel
2017-02-13 22:49:03.716  INFO 5440 --- [main] o.s.i.channel.PublishSubscribeChannel    : Channel 'application:8080.errorChannel' has 1 subscriber(s).
2017-02-13 22:49:03.716  INFO 5440 --- [main] o.s.i.endpoint.EventDrivenConsumer       : started _org.springframework.integration.errorLogger
2017-02-13 22:49:03.774  INFO 5440 --- [main] s.b.c.e.t.TomcatEmbeddedServletContainer : Tomcat started on port(s): 8080 (http)
2017-02-13 22:49:03.778  INFO 5440 --- [main] c.m.cms.CmsAppM1030436Application        : Started CmsAppM1030436Application in 7.036 seconds (JVM running for 7.442)
2017-02-13 22:49:25.575  INFO 3144 --- [main] c.m.cms.CmsAppM1030436Application        : Starting CmsAppM1030436Application on DESKTOP-LEN7IL0 with PID 3144 (C:\Users\Shazzy\Downloads\CMS_M1030563-master\target\classes started by Shazzy in C:\Users\Shazzy\Downloads\CMS_M1030563-master)
2017-02-13 22:49:25.578  INFO 3144 --- [main] c.m.cms.CmsAppM1030436Application        : No active profile set, falling back to default profiles: default
2017-02-13 22:49:25.621  INFO 3144 --- [main] ationConfigEmbeddedWebApplicationContext : Refreshing org.springframework.boot.context.embedded.AnnotationConfigEmbeddedWebApplicationContext@7d20d0b: startup date [Mon Feb 13 22:49:25 IST 2017]; root of context hierarchy
2017-02-13 22:49:26.378  INFO 3144 --- [main] o.s.b.f.config.PropertiesFactoryBean     : Loading properties file from URL [jar:file:/C:/Users/Shazzy/.m2/repository/org/springframework/integration/spring-integration-core/4.3.5.RELEASE/spring-integration-core-4.3.5.RELEASE.jar!/META-INF/spring.integration.default.properties]
2017-02-13 22:49:26.384  INFO 3144 --- [main] o.s.i.config.IntegrationRegistrar        : No bean named 'integrationHeaderChannelRegistry' has been explicitly defined. Therefore, a default DefaultHeaderChannelRegistry will be created.
2017-02-13 22:49:26.618  INFO 3144 --- [main] faultConfiguringBeanFactoryPostProcessor : No bean named 'errorChannel' has been explicitly defined. Therefore, a default PublishSubscribeChannel will be created.
2017-02-13 22:49:26.625  INFO 3144 --- [main] faultConfiguringBeanFactoryPostProcessor : No bean named 'taskScheduler' has been explicitly defined. Therefore, a default ThreadPoolTaskScheduler will be created.
2017-02-13 22:49:26.640  INFO 3144 --- [main] f.a.AutowiredAnnotationBeanPostProcessor : JSR-330 'javax.inject.Inject' annotation found and supported for autowiring
2017-02-13 22:49:26.794  INFO 3144 --- [main] trationDelegate$BeanPostProcessorChecker : Bean 'org.springframework.transaction.annotation.ProxyTransactionManagementConfiguration' of type [class org.springframework.transaction.annotation.ProxyTransactionManagementConfiguration$$EnhancerBySpringCGLIB$$59233a12] is not eligible for getting processed by all BeanPostProcessors (for example: not eligible for auto-proxying)
2017-02-13 22:49:27.005  INFO 3144 --- [main] o.s.b.f.config.PropertiesFactoryBean     : Loading properties file from URL [jar:file:/C:/Users/Shazzy/.m2/repository/org/springframework/integration/spring-integration-core/4.3.5.RELEASE/spring-integration-core-4.3.5.RELEASE.jar!/META-INF/spring.integration.default.properties]
2017-02-13 22:49:27.005  INFO 3144 --- [main] trationDelegate$BeanPostProcessorChecker : Bean 'integrationGlobalProperties' of type [class org.springframework.beans.factory.config.PropertiesFactoryBean] is not eligible for getting processed by all BeanPostProcessors (for example: not eligible for auto-proxying)
2017-02-13 22:49:27.011  INFO 3144 --- [main] trationDelegate$BeanPostProcessorChecker : Bean 'integrationGlobalProperties' of type [class java.util.Properties] is not eligible for getting processed by all BeanPostProcessors (for example: not eligible for auto-proxying)
2017-02-13 22:49:27.511  INFO 3144 --- [main] s.b.c.e.t.TomcatEmbeddedServletContainer : Tomcat initialized with port(s): 8080 (http)
2017-02-13 22:49:27.521  INFO 3144 --- [main] o.apache.catalina.core.StandardService   : Starting service Tomcat
2017-02-13 22:49:27.523  INFO 3144 --- [main] org.apache.catalina.core.StandardEngine  : Starting Servlet Engine: Apache Tomcat/8.5.6
2017-02-13 22:49:27.818  INFO 3144 --- [localhost-startStop-1] org.apache.jasper.servlet.TldScanner     : At least one JAR was scanned for TLDs yet contained no TLDs. Enable debug logging for this logger for a complete list of JARs that were scanned but no TLDs were found in them. Skipping unneeded JARs during scanning can improve startup time and JSP compilation time.
2017-02-13 22:49:27.827  INFO 3144 --- [localhost-startStop-1] o.a.c.c.C.[Tomcat].[localhost].[/]       : Initializing Spring embedded WebApplicationContext
2017-02-13 22:49:27.827  INFO 3144 --- [localhost-startStop-1] o.s.web.context.ContextLoader            : Root WebApplicationContext: initialization completed in 2209 ms
2017-02-13 22:49:28.034  INFO 3144 --- [localhost-startStop-1] o.s.b.w.servlet.FilterRegistrationBean   : Mapping filter: 'characterEncodingFilter' to: [/*]
2017-02-13 22:49:28.036  INFO 3144 --- [localhost-startStop-1] .s.DelegatingFilterProxyRegistrationBean : Mapping filter: 'springSecurityFilterChain' to: [/*]
2017-02-13 22:49:28.044  INFO 3144 --- [localhost-startStop-1] o.s.b.w.servlet.ServletRegistrationBean  : Mapping servlet: 'dispatcherServlet' to [/]
2017-02-13 22:49:28.319  INFO 3144 --- [main] o.s.aop.framework.CglibAopProxy          : Unable to proxy method [protected final org.springframework.context.ApplicationContext org.springframework.security.config.annotation.web.configuration.WebSecurityConfigurerAdapter.getApplicationContext()] because it is final: All calls to this method via a proxy will NOT be routed to the target instance.
2017-02-13 22:49:28.319  INFO 3144 --- [main] o.s.aop.framework.CglibAopProxy          : Unable to proxy method [protected final org.springframework.security.config.annotation.web.builders.HttpSecurity org.springframework.security.config.annotation.web.configuration.WebSecurityConfigurerAdapter.getHttp() throws java.lang.Exception] because it is final: All calls to this method via a proxy will NOT be routed to the target instance.
2017-02-13 22:49:28.373  INFO 3144 --- [main] com.mindtree.cms.aspect.MyLogger         : ***** Starting: sessionFactory *****
2017-02-13 22:49:28.387  INFO 3144 --- [main] com.mindtree.cms.aspect.MyLogger         : ***** Starting: dataSource *****
2017-02-13 22:49:28.395  INFO 3144 --- [main] o.s.j.d.DriverManagerDataSource          : Loaded JDBC driver: com.mysql.jdbc.Driver
2017-02-13 22:49:28.396  INFO 3144 --- [main] com.mindtree.cms.aspect.MyLogger         : ***** Completed: dataSource *****
2017-02-13 22:49:28.456  INFO 3144 --- [main] com.mindtree.cms.aspect.MyLogger         : ***** Completed: sessionFactory *****
2017-02-13 22:49:30.927  INFO 3144 --- [main] com.mindtree.cms.aspect.MyLogger         : ***** Starting: transactionManager *****
2017-02-13 22:49:30.935  INFO 3144 --- [main] com.mindtree.cms.aspect.MyLogger         : ***** Completed: transactionManager *****
2017-02-13 22:49:30.948  INFO 3144 --- [main] o.s.o.h.HibernateTransactionManager      : Using DataSource [org.springframework.jdbc.datasource.DriverManagerDataSource@6629ad09] of Hibernate SessionFactory for HibernateTransactionManager
2017-02-13 22:49:30.997  INFO 3144 --- [main] s.w.s.m.m.a.RequestMappingHandlerMapping : Mapped "{[/secure/home]}" onto public java.lang.String com.mindtree.cms.controller.LoginController.homePage()
2017-02-13 22:49:31.002  INFO 3144 --- [main] s.w.s.m.m.a.RequestMappingHandlerMapping : Mapped "{[/secure/addBlog]}" onto public java.lang.String com.mindtree.cms.controller.LoginController.addBlogContents(org.springframework.ui.Model)
2017-02-13 22:49:31.002  INFO 3144 --- [main] s.w.s.m.m.a.RequestMappingHandlerMapping : Mapped "{[/secure/deleteBlog],methods=[GET]}" onto public java.lang.String com.mindtree.cms.controller.LoginController.getBlogDetails(java.lang.String,java.lang.String,org.springframework.ui.Model) throws java.lang.NumberFormatException,java.lang.Exception
2017-02-13 22:49:31.002  INFO 3144 --- [main] s.w.s.m.m.a.RequestMappingHandlerMapping : Mapped "{[/secure/result],methods=[POST]}" onto public java.lang.String com.mindtree.cms.controller.LoginController.success(com.mindtree.cms.pojo.Blog,org.springframework.validation.BindingResult,org.springframework.ui.ModelMap) throws java.lang.Exception
2017-02-13 22:49:31.002  INFO 3144 --- [main] s.w.s.m.m.a.RequestMappingHandlerMapping : Mapped "{[/secure/deleteBlogHere]}" onto public java.lang.String com.mindtree.cms.controller.LoginController.doDelete(org.springframework.ui.Model) throws java.lang.Exception
2017-02-13 22:49:31.003  INFO 3144 --- [main] s.w.s.m.m.a.RequestMappingHandlerMapping : Mapped "{[/]}" onto public java.lang.String com.mindtree.cms.controller.NavigationController.viewFirst(org.springframework.ui.ModelMap)
2017-02-13 22:49:31.003  INFO 3144 --- [main] s.w.s.m.m.a.RequestMappingHandlerMapping : Mapped "{[/openBlog],methods=[GET]}" onto public java.lang.String com.mindtree.cms.controller.NavigationController.getBlogDetails(java.lang.String,java.lang.String,org.springframework.ui.Model) throws java.lang.NumberFormatException,java.lang.Exception
2017-02-13 22:49:31.003  INFO 3144 --- [main] s.w.s.m.m.a.RequestMappingHandlerMapping : Mapped "{[/userLogin],methods=[POST]}" onto public java.lang.String com.mindtree.cms.controller.NavigationController.doLogin(com.mindtree.cms.pojo.GuestUser,org.springframework.validation.BindingResult,org.springframework.ui.ModelMap) throws java.lang.Exception
2017-02-13 22:49:31.003  INFO 3144 --- [main] s.w.s.m.m.a.RequestMappingHandlerMapping : Mapped "{[/backToMain],methods=[GET]}" onto public java.lang.String com.mindtree.cms.controller.NavigationController.doGoBacktoView(java.lang.String,org.springframework.ui.Model) throws java.lang.Exception
2017-02-13 22:49:31.007  INFO 3144 --- [main] s.w.s.m.m.a.RequestMappingHandlerMapping : Mapped "{[/addBlogComment],methods=[POST]}" onto public java.util.List<com.mindtree.cms.pojo.Comment> com.mindtree.cms.controller.NavigationController.saveBlogComments(com.mindtree.cms.pojo.Comment,javax.servlet.http.HttpServletRequest,javax.servlet.http.HttpServletResponse)
2017-02-13 22:49:31.008  INFO 3144 --- [main] s.w.s.m.m.a.RequestMappingHandlerMapping : Mapped "{[/twitter/home],methods=[GET]}" onto public java.util.List<org.springframework.social.twitter.api.Tweet> com.mindtree.cms.controller.SocialController.home(java.lang.String)
2017-02-13 22:49:31.011  INFO 3144 --- [main] s.w.s.m.m.a.RequestMappingHandlerMapping : Mapped "{[/error]}" onto public org.springframework.http.ResponseEntity<java.util.Map<java.lang.String, java.lang.Object>> org.springframework.boot.autoconfigure.web.BasicErrorController.error(javax.servlet.http.HttpServletRequest)
2017-02-13 22:49:31.012  INFO 3144 --- [main] s.w.s.m.m.a.RequestMappingHandlerMapping : Mapped "{[/error],produces=[text/html]}" onto public org.springframework.web.servlet.ModelAndView org.springframework.boot.autoconfigure.web.BasicErrorController.errorHtml(javax.servlet.http.HttpServletRequest,javax.servlet.http.HttpServletResponse)
2017-02-13 22:49:31.032  INFO 3144 --- [main] com.mindtree.cms.aspect.MyLogger         : ***** Starting: addViewControllers *****
2017-02-13 22:49:31.036  INFO 3144 --- [main] com.mindtree.cms.aspect.MyLogger         : ***** Completed: addViewControllers *****
2017-02-13 22:49:31.042  INFO 3144 --- [main] o.s.w.s.handler.SimpleUrlHandlerMapping  : Mapped URL path [/customLogin] onto handler of type [class org.springframework.web.servlet.mvc.ParameterizableViewController]
2017-02-13 22:49:31.100  INFO 3144 --- [main] s.w.s.m.m.a.RequestMappingHandlerAdapter : Looking for @ControllerAdvice: org.springframework.boot.context.embedded.AnnotationConfigEmbeddedWebApplicationContext@7d20d0b: startup date [Mon Feb 13 22:49:25 IST 2017]; root of context hierarchy
2017-02-13 22:49:31.161  INFO 3144 --- [main] com.mindtree.cms.aspect.MyLogger         : ***** Starting: configureViewResolvers *****
2017-02-13 22:49:31.166  INFO 3144 --- [main] com.mindtree.cms.aspect.MyLogger         : ***** Completed: configureViewResolvers *****
2017-02-13 22:49:31.387  INFO 3144 --- [main] o.s.s.web.DefaultSecurityFilterChain     : Creating filter chain: org.springframework.security.web.util.matcher.AnyRequestMatcher@1, [org.springframework.security.web.context.request.async.WebAsyncManagerIntegrationFilter@12fcb2c3, org.springframework.security.web.context.SecurityContextPersistenceFilter@7d9c45ee, org.springframework.security.web.header.HeaderWriterFilter@60dc1a4e, org.springframework.security.web.authentication.logout.LogoutFilter@5bc63e20, org.springframework.security.web.authentication.UsernamePasswordAuthenticationFilter@6de004f1, org.springframework.security.web.savedrequest.RequestCacheAwareFilter@6e24ce51, org.springframework.security.web.servletapi.SecurityContextHolderAwareRequestFilter@74960e9d, org.springframework.security.web.authentication.AnonymousAuthenticationFilter@57bd6a8f, org.springframework.security.web.session.SessionManagementFilter@31efacad, org.springframework.security.web.access.ExceptionTranslationFilter@2cfe272f, org.springframework.security.web.access.intercept.FilterSecurityInterceptor@805e72e]
2017-02-13 22:49:31.400  INFO 3144 --- [main] com.mindtree.cms.aspect.MyLogger         : ***** Starting: multipartResolver *****
2017-02-13 22:49:31.407  INFO 3144 --- [main] com.mindtree.cms.aspect.MyLogger         : ***** Completed: multipartResolver *****
2017-02-13 22:49:31.771  INFO 3144 --- [main] o.s.s.c.ThreadPoolTaskScheduler          : Initializing ExecutorService  'taskScheduler'
2017-02-13 22:49:32.012  INFO 3144 --- [main] o.s.j.e.a.AnnotationMBeanExporter        : Registering beans for JMX exposure on startup
2017-02-13 22:49:32.026  INFO 3144 --- [main] o.s.j.e.a.AnnotationMBeanExporter        : Bean with name 'integrationMbeanExporter' has been autodetected for JMX exposure
2017-02-13 22:49:32.033  INFO 3144 --- [main] o.s.j.e.a.AnnotationMBeanExporter        : Located managed bean 'integrationMbeanExporter': registering with JMX server as MBean [org.springframework.integration.monitor:name=integrationMbeanExporter,type=IntegrationMBeanExporter]
2017-02-13 22:49:32.070  INFO 3144 --- [main] o.s.i.monitor.IntegrationMBeanExporter   : Registering beans for JMX exposure on startup
2017-02-13 22:49:32.070  INFO 3144 --- [main] o.s.i.monitor.IntegrationMBeanExporter   : Registering MessageChannel nullChannel
2017-02-13 22:49:32.074  INFO 3144 --- [main] o.s.i.monitor.IntegrationMBeanExporter   : Located managed bean 'org.springframework.integration:type=MessageChannel,name=nullChannel': registering with JMX server as MBean [org.springframework.integration:type=MessageChannel,name=nullChannel]
2017-02-13 22:49:32.089  INFO 3144 --- [main] o.s.i.monitor.IntegrationMBeanExporter   : Registering MessageChannel errorChannel
2017-02-13 22:49:32.090  INFO 3144 --- [main] o.s.i.monitor.IntegrationMBeanExporter   : Located managed bean 'org.springframework.integration:type=MessageChannel,name=errorChannel': registering with JMX server as MBean [org.springframework.integration:type=MessageChannel,name=errorChannel]
2017-02-13 22:49:32.126  INFO 3144 --- [main] o.s.i.monitor.IntegrationMBeanExporter   : Located managed bean 'org.springframework.integration:type=MessageHandler,name=errorLogger,bean=internal': registering with JMX server as MBean [org.springframework.integration:type=MessageHandler,name=errorLogger,bean=internal]
2017-02-13 22:49:32.147  INFO 3144 --- [main] o.s.c.support.DefaultLifecycleProcessor  : Starting beans in phase 0
2017-02-13 22:49:32.153  INFO 3144 --- [main] o.s.i.endpoint.EventDrivenConsumer       : Adding {logging-channel-adapter:_org.springframework.integration.errorLogger} as a subscriber to the 'errorChannel' channel
2017-02-13 22:49:32.154  INFO 3144 --- [main] o.s.i.channel.PublishSubscribeChannel    : Channel 'application:8080.errorChannel' has 1 subscriber(s).
2017-02-13 22:49:32.154  INFO 3144 --- [main] o.s.i.endpoint.EventDrivenConsumer       : started _org.springframework.integration.errorLogger
2017-02-13 22:49:32.191 ERROR 3144 --- [main] o.a.coyote.http11.Http11NioProtocol      : Failed to start end point associated with ProtocolHandler [http-nio-8080]

java.net.BindException: Address already in use: bind
	at sun.nio.ch.Net.bind0(Native Method) ~[na:1.8.0_121]
	at sun.nio.ch.Net.bind(Unknown Source) ~[na:1.8.0_121]
	at sun.nio.ch.Net.bind(Unknown Source) ~[na:1.8.0_121]
	at sun.nio.ch.ServerSocketChannelImpl.bind(Unknown Source) ~[na:1.8.0_121]
	at sun.nio.ch.ServerSocketAdaptor.bind(Unknown Source) ~[na:1.8.0_121]
	at org.apache.tomcat.util.net.NioEndpoint.bind(NioEndpoint.java:228) ~[tomcat-embed-core-8.5.6.jar:8.5.6]
	at org.apache.tomcat.util.net.AbstractEndpoint.start(AbstractEndpoint.java:874) ~[tomcat-embed-core-8.5.6.jar:8.5.6]
	at org.apache.coyote.AbstractProtocol.start(AbstractProtocol.java:590) ~[tomcat-embed-core-8.5.6.jar:8.5.6]
	at org.apache.catalina.connector.Connector.startInternal(Connector.java:969) [tomcat-embed-core-8.5.6.jar:8.5.6]
	at org.apache.catalina.util.LifecycleBase.start(LifecycleBase.java:150) [tomcat-embed-core-8.5.6.jar:8.5.6]
	at org.apache.catalina.core.StandardService.addConnector(StandardService.java:225) [tomcat-embed-core-8.5.6.jar:8.5.6]
	at org.springframework.boot.context.embedded.tomcat.TomcatEmbeddedServletContainer.addPreviouslyRemovedConnectors(TomcatEmbeddedServletContainer.java:233) [spring-boot-1.4.2.RELEASE.jar:1.4.2.RELEASE]
	at org.springframework.boot.context.embedded.tomcat.TomcatEmbeddedServletContainer.start(TomcatEmbeddedServletContainer.java:178) [spring-boot-1.4.2.RELEASE.jar:1.4.2.RELEASE]
	at org.springframework.boot.context.embedded.EmbeddedWebApplicationContext.startEmbeddedServletContainer(EmbeddedWebApplicationContext.java:297) [spring-boot-1.4.2.RELEASE.jar:1.4.2.RELEASE]
	at org.springframework.boot.context.embedded.EmbeddedWebApplicationContext.finishRefresh(EmbeddedWebApplicationContext.java:145) [spring-boot-1.4.2.RELEASE.jar:1.4.2.RELEASE]
	at org.springframework.context.support.AbstractApplicationContext.refresh(AbstractApplicationContext.java:545) [spring-context-4.3.4.RELEASE.jar:4.3.4.RELEASE]
	at org.springframework.boot.context.embedded.EmbeddedWebApplicationContext.refresh(EmbeddedWebApplicationContext.java:122) [spring-boot-1.4.2.RELEASE.jar:1.4.2.RELEASE]
	at org.springframework.boot.SpringApplication.refresh(SpringApplication.java:761) [spring-boot-1.4.2.RELEASE.jar:1.4.2.RELEASE]
	at org.springframework.boot.SpringApplication.refreshContext(SpringApplication.java:371) [spring-boot-1.4.2.RELEASE.jar:1.4.2.RELEASE]
	at org.springframework.boot.SpringApplication.run(SpringApplication.java:315) [spring-boot-1.4.2.RELEASE.jar:1.4.2.RELEASE]
	at org.springframework.boot.SpringApplication.run(SpringApplication.java:1186) [spring-boot-1.4.2.RELEASE.jar:1.4.2.RELEASE]
	at org.springframework.boot.SpringApplication.run(SpringApplication.java:1175) [spring-boot-1.4.2.RELEASE.jar:1.4.2.RELEASE]
	at com.mindtree.cms.CmsAppM1030436Application.main(CmsAppM1030436Application.java:10) [classes/:na]

2017-02-13 22:49:32.193 ERROR 3144 --- [main] o.apache.catalina.core.StandardService   : Failed to start connector [Connector[HTTP/1.1-8080]]

org.apache.catalina.LifecycleException: Failed to start component [Connector[HTTP/1.1-8080]]
	at org.apache.catalina.util.LifecycleBase.start(LifecycleBase.java:167) ~[tomcat-embed-core-8.5.6.jar:8.5.6]
	at org.apache.catalina.core.StandardService.addConnector(StandardService.java:225) ~[tomcat-embed-core-8.5.6.jar:8.5.6]
	at org.springframework.boot.context.embedded.tomcat.TomcatEmbeddedServletContainer.addPreviouslyRemovedConnectors(TomcatEmbeddedServletContainer.java:233) [spring-boot-1.4.2.RELEASE.jar:1.4.2.RELEASE]
	at org.springframework.boot.context.embedded.tomcat.TomcatEmbeddedServletContainer.start(TomcatEmbeddedServletContainer.java:178) [spring-boot-1.4.2.RELEASE.jar:1.4.2.RELEASE]
	at org.springframework.boot.context.embedded.EmbeddedWebApplicationContext.startEmbeddedServletContainer(EmbeddedWebApplicationContext.java:297) [spring-boot-1.4.2.RELEASE.jar:1.4.2.RELEASE]
	at org.springframework.boot.context.embedded.EmbeddedWebApplicationContext.finishRefresh(EmbeddedWebApplicationContext.java:145) [spring-boot-1.4.2.RELEASE.jar:1.4.2.RELEASE]
	at org.springframework.context.support.AbstractApplicationContext.refresh(AbstractApplicationContext.java:545) [spring-context-4.3.4.RELEASE.jar:4.3.4.RELEASE]
	at org.springframework.boot.context.embedded.EmbeddedWebApplicationContext.refresh(EmbeddedWebApplicationContext.java:122) [spring-boot-1.4.2.RELEASE.jar:1.4.2.RELEASE]
	at org.springframework.boot.SpringApplication.refresh(SpringApplication.java:761) [spring-boot-1.4.2.RELEASE.jar:1.4.2.RELEASE]
	at org.springframework.boot.SpringApplication.refreshContext(SpringApplication.java:371) [spring-boot-1.4.2.RELEASE.jar:1.4.2.RELEASE]
	at org.springframework.boot.SpringApplication.run(SpringApplication.java:315) [spring-boot-1.4.2.RELEASE.jar:1.4.2.RELEASE]
	at org.springframework.boot.SpringApplication.run(SpringApplication.java:1186) [spring-boot-1.4.2.RELEASE.jar:1.4.2.RELEASE]
	at org.springframework.boot.SpringApplication.run(SpringApplication.java:1175) [spring-boot-1.4.2.RELEASE.jar:1.4.2.RELEASE]
	at com.mindtree.cms.CmsAppM1030436Application.main(CmsAppM1030436Application.java:10) [classes/:na]
Caused by: org.apache.catalina.LifecycleException: service.getName(): "Tomcat";  Protocol handler start failed
	at org.apache.catalina.connector.Connector.startInternal(Connector.java:976) ~[tomcat-embed-core-8.5.6.jar:8.5.6]
	at org.apache.catalina.util.LifecycleBase.start(LifecycleBase.java:150) ~[tomcat-embed-core-8.5.6.jar:8.5.6]
	... 13 common frames omitted
Caused by: java.net.BindException: Address already in use: bind
	at sun.nio.ch.Net.bind0(Native Method) ~[na:1.8.0_121]
	at sun.nio.ch.Net.bind(Unknown Source) ~[na:1.8.0_121]
	at sun.nio.ch.Net.bind(Unknown Source) ~[na:1.8.0_121]
	at sun.nio.ch.ServerSocketChannelImpl.bind(Unknown Source) ~[na:1.8.0_121]
	at sun.nio.ch.ServerSocketAdaptor.bind(Unknown Source) ~[na:1.8.0_121]
	at org.apache.tomcat.util.net.NioEndpoint.bind(NioEndpoint.java:228) ~[tomcat-embed-core-8.5.6.jar:8.5.6]
	at org.apache.tomcat.util.net.AbstractEndpoint.start(AbstractEndpoint.java:874) ~[tomcat-embed-core-8.5.6.jar:8.5.6]
	at org.apache.coyote.AbstractProtocol.start(AbstractProtocol.java:590) ~[tomcat-embed-core-8.5.6.jar:8.5.6]
	at org.apache.catalina.connector.Connector.startInternal(Connector.java:969) ~[tomcat-embed-core-8.5.6.jar:8.5.6]
	... 14 common frames omitted

2017-02-13 22:49:32.218  INFO 3144 --- [main] o.apache.catalina.core.StandardService   : Stopping service Tomcat
2017-02-13 22:49:32.230  INFO 3144 --- [main] utoConfigurationReportLoggingInitializer : 

Error starting ApplicationContext. To display the auto-configuration report re-run your application with 'debug' enabled.
2017-02-13 22:49:32.235 ERROR 3144 --- [main] o.s.b.d.LoggingFailureAnalysisReporter   : 

***************************
APPLICATION FAILED TO START
***************************

Description:

The Tomcat connector configured to listen on port 8080 failed to start. The port may already be in use or the connector may be misconfigured.

Action:

Verify the connector's configuration, identify and stop any process that's listening on port 8080, or configure this application to listen on another port.

2017-02-13 22:49:32.237  INFO 3144 --- [main] ationConfigEmbeddedWebApplicationContext : Closing org.springframework.boot.context.embedded.AnnotationConfigEmbeddedWebApplicationContext@7d20d0b: startup date [Mon Feb 13 22:49:25 IST 2017]; root of context hierarchy
2017-02-13 22:49:32.239  INFO 3144 --- [main] o.s.c.support.DefaultLifecycleProcessor  : Stopping beans in phase 0
2017-02-13 22:49:32.240  INFO 3144 --- [main] o.s.i.endpoint.EventDrivenConsumer       : Removing {logging-channel-adapter:_org.springframework.integration.errorLogger} as a subscriber to the 'errorChannel' channel
2017-02-13 22:49:32.240  INFO 3144 --- [main] o.s.i.channel.PublishSubscribeChannel    : Channel 'application:8080.errorChannel' has 0 subscriber(s).
2017-02-13 22:49:32.241  INFO 3144 --- [main] o.s.i.endpoint.EventDrivenConsumer       : stopped _org.springframework.integration.errorLogger
2017-02-13 22:49:32.241  INFO 3144 --- [main] o.s.s.c.ThreadPoolTaskScheduler          : Shutting down ExecutorService 'taskScheduler'
2017-02-13 22:49:32.241  INFO 3144 --- [main] o.s.i.monitor.IntegrationMBeanExporter   : Unregistering JMX-exposed beans on shutdown
2017-02-13 22:49:32.242  INFO 3144 --- [main] o.s.i.monitor.IntegrationMBeanExporter   : Unregistering JMX-exposed beans
2017-02-13 22:49:32.251  INFO 3144 --- [main] o.s.i.monitor.IntegrationMBeanExporter   : Summary on shutdown: nullChannel
2017-02-13 22:49:32.251  INFO 3144 --- [main] o.s.i.monitor.IntegrationMBeanExporter   : Summary on shutdown: errorChannel
2017-02-13 22:49:32.251  INFO 3144 --- [main] o.s.i.monitor.IntegrationMBeanExporter   : Summary on shutdown: _org.springframework.integration.errorLogger.handler
2017-02-13 22:49:32.251  INFO 3144 --- [main] o.s.j.e.a.AnnotationMBeanExporter        : Unregistering JMX-exposed beans on shutdown
2017-02-13 22:49:32.251  INFO 3144 --- [main] o.s.j.e.a.AnnotationMBeanExporter        : Unregistering JMX-exposed beans
2017-02-13 22:50:11.215  INFO 9744 --- [main] c.m.cms.CmsAppM1030436Application        : Starting CmsAppM1030436Application on DESKTOP-LEN7IL0 with PID 9744 (C:\Users\Shazzy\Downloads\CMS_M1030563-master\target\classes started by Shazzy in C:\Users\Shazzy\Downloads\CMS_M1030563-master)
2017-02-13 22:50:11.218  INFO 9744 --- [main] c.m.cms.CmsAppM1030436Application        : No active profile set, falling back to default profiles: default
2017-02-13 22:50:11.264  INFO 9744 --- [main] ationConfigEmbeddedWebApplicationContext : Refreshing org.springframework.boot.context.embedded.AnnotationConfigEmbeddedWebApplicationContext@7d20d0b: startup date [Mon Feb 13 22:50:11 IST 2017]; root of context hierarchy
2017-02-13 22:50:12.039  INFO 9744 --- [main] o.s.b.f.config.PropertiesFactoryBean     : Loading properties file from URL [jar:file:/C:/Users/Shazzy/.m2/repository/org/springframework/integration/spring-integration-core/4.3.5.RELEASE/spring-integration-core-4.3.5.RELEASE.jar!/META-INF/spring.integration.default.properties]
2017-02-13 22:50:12.046  INFO 9744 --- [main] o.s.i.config.IntegrationRegistrar        : No bean named 'integrationHeaderChannelRegistry' has been explicitly defined. Therefore, a default DefaultHeaderChannelRegistry will be created.
2017-02-13 22:50:12.274  INFO 9744 --- [main] faultConfiguringBeanFactoryPostProcessor : No bean named 'errorChannel' has been explicitly defined. Therefore, a default PublishSubscribeChannel will be created.
2017-02-13 22:50:12.279  INFO 9744 --- [main] faultConfiguringBeanFactoryPostProcessor : No bean named 'taskScheduler' has been explicitly defined. Therefore, a default ThreadPoolTaskScheduler will be created.
2017-02-13 22:50:12.292  INFO 9744 --- [main] f.a.AutowiredAnnotationBeanPostProcessor : JSR-330 'javax.inject.Inject' annotation found and supported for autowiring
2017-02-13 22:50:12.452  INFO 9744 --- [main] trationDelegate$BeanPostProcessorChecker : Bean 'org.springframework.transaction.annotation.ProxyTransactionManagementConfiguration' of type [class org.springframework.transaction.annotation.ProxyTransactionManagementConfiguration$$EnhancerBySpringCGLIB$$59233a12] is not eligible for getting processed by all BeanPostProcessors (for example: not eligible for auto-proxying)
2017-02-13 22:50:12.633  INFO 9744 --- [main] o.s.b.f.config.PropertiesFactoryBean     : Loading properties file from URL [jar:file:/C:/Users/Shazzy/.m2/repository/org/springframework/integration/spring-integration-core/4.3.5.RELEASE/spring-integration-core-4.3.5.RELEASE.jar!/META-INF/spring.integration.default.properties]
2017-02-13 22:50:12.633  INFO 9744 --- [main] trationDelegate$BeanPostProcessorChecker : Bean 'integrationGlobalProperties' of type [class org.springframework.beans.factory.config.PropertiesFactoryBean] is not eligible for getting processed by all BeanPostProcessors (for example: not eligible for auto-proxying)
2017-02-13 22:50:12.638  INFO 9744 --- [main] trationDelegate$BeanPostProcessorChecker : Bean 'integrationGlobalProperties' of type [class java.util.Properties] is not eligible for getting processed by all BeanPostProcessors (for example: not eligible for auto-proxying)
2017-02-13 22:50:13.100  INFO 9744 --- [main] s.b.c.e.t.TomcatEmbeddedServletContainer : Tomcat initialized with port(s): 8080 (http)
2017-02-13 22:50:13.111  INFO 9744 --- [main] o.apache.catalina.core.StandardService   : Starting service Tomcat
2017-02-13 22:50:13.112  INFO 9744 --- [main] org.apache.catalina.core.StandardEngine  : Starting Servlet Engine: Apache Tomcat/8.5.6
2017-02-13 22:50:13.386  INFO 9744 --- [localhost-startStop-1] org.apache.jasper.servlet.TldScanner     : At least one JAR was scanned for TLDs yet contained no TLDs. Enable debug logging for this logger for a complete list of JARs that were scanned but no TLDs were found in them. Skipping unneeded JARs during scanning can improve startup time and JSP compilation time.
2017-02-13 22:50:13.395  INFO 9744 --- [localhost-startStop-1] o.a.c.c.C.[Tomcat].[localhost].[/]       : Initializing Spring embedded WebApplicationContext
2017-02-13 22:50:13.396  INFO 9744 --- [localhost-startStop-1] o.s.web.context.ContextLoader            : Root WebApplicationContext: initialization completed in 2142 ms
2017-02-13 22:50:13.588  INFO 9744 --- [localhost-startStop-1] o.s.b.w.servlet.FilterRegistrationBean   : Mapping filter: 'characterEncodingFilter' to: [/*]
2017-02-13 22:50:13.590  INFO 9744 --- [localhost-startStop-1] .s.DelegatingFilterProxyRegistrationBean : Mapping filter: 'springSecurityFilterChain' to: [/*]
2017-02-13 22:50:13.596  INFO 9744 --- [localhost-startStop-1] o.s.b.w.servlet.ServletRegistrationBean  : Mapping servlet: 'dispatcherServlet' to [/]
2017-02-13 22:50:13.836  INFO 9744 --- [main] o.s.aop.framework.CglibAopProxy          : Unable to proxy method [protected final org.springframework.context.ApplicationContext org.springframework.security.config.annotation.web.configuration.WebSecurityConfigurerAdapter.getApplicationContext()] because it is final: All calls to this method via a proxy will NOT be routed to the target instance.
2017-02-13 22:50:13.836  INFO 9744 --- [main] o.s.aop.framework.CglibAopProxy          : Unable to proxy method [protected final org.springframework.security.config.annotation.web.builders.HttpSecurity org.springframework.security.config.annotation.web.configuration.WebSecurityConfigurerAdapter.getHttp() throws java.lang.Exception] because it is final: All calls to this method via a proxy will NOT be routed to the target instance.
2017-02-13 22:50:13.889  INFO 9744 --- [main] com.mindtree.cms.aspect.MyLogger         : ***** Starting: sessionFactory *****
2017-02-13 22:50:13.908  INFO 9744 --- [main] com.mindtree.cms.aspect.MyLogger         : ***** Starting: dataSource *****
2017-02-13 22:50:13.915  INFO 9744 --- [main] o.s.j.d.DriverManagerDataSource          : Loaded JDBC driver: com.mysql.jdbc.Driver
2017-02-13 22:50:13.916  INFO 9744 --- [main] com.mindtree.cms.aspect.MyLogger         : ***** Completed: dataSource *****
2017-02-13 22:50:13.967  INFO 9744 --- [main] com.mindtree.cms.aspect.MyLogger         : ***** Completed: sessionFactory *****
2017-02-13 22:50:16.314  INFO 9744 --- [main] com.mindtree.cms.aspect.MyLogger         : ***** Starting: transactionManager *****
2017-02-13 22:50:16.323  INFO 9744 --- [main] com.mindtree.cms.aspect.MyLogger         : ***** Completed: transactionManager *****
2017-02-13 22:50:16.340  INFO 9744 --- [main] o.s.o.h.HibernateTransactionManager      : Using DataSource [org.springframework.jdbc.datasource.DriverManagerDataSource@6629ad09] of Hibernate SessionFactory for HibernateTransactionManager
2017-02-13 22:50:16.403  INFO 9744 --- [main] s.w.s.m.m.a.RequestMappingHandlerMapping : Mapped "{[/secure/addBlog]}" onto public java.lang.String com.mindtree.cms.controller.LoginController.addBlogContents(org.springframework.ui.Model)
2017-02-13 22:50:16.408  INFO 9744 --- [main] s.w.s.m.m.a.RequestMappingHandlerMapping : Mapped "{[/secure/home]}" onto public java.lang.String com.mindtree.cms.controller.LoginController.homePage()
2017-02-13 22:50:16.409  INFO 9744 --- [main] s.w.s.m.m.a.RequestMappingHandlerMapping : Mapped "{[/secure/result],methods=[POST]}" onto public java.lang.String com.mindtree.cms.controller.LoginController.success(com.mindtree.cms.pojo.Blog,org.springframework.validation.BindingResult,org.springframework.ui.ModelMap) throws java.lang.Exception
2017-02-13 22:50:16.409  INFO 9744 --- [main] s.w.s.m.m.a.RequestMappingHandlerMapping : Mapped "{[/secure/deleteBlog],methods=[GET]}" onto public java.lang.String com.mindtree.cms.controller.LoginController.getBlogDetails(java.lang.String,java.lang.String,org.springframework.ui.Model) throws java.lang.NumberFormatException,java.lang.Exception
2017-02-13 22:50:16.409  INFO 9744 --- [main] s.w.s.m.m.a.RequestMappingHandlerMapping : Mapped "{[/secure/deleteBlogHere]}" onto public java.lang.String com.mindtree.cms.controller.LoginController.doDelete(org.springframework.ui.Model) throws java.lang.Exception
2017-02-13 22:50:16.410  INFO 9744 --- [main] s.w.s.m.m.a.RequestMappingHandlerMapping : Mapped "{[/]}" onto public java.lang.String com.mindtree.cms.controller.NavigationController.viewFirst(org.springframework.ui.ModelMap)
2017-02-13 22:50:16.410  INFO 9744 --- [main] s.w.s.m.m.a.RequestMappingHandlerMapping : Mapped "{[/openBlog],methods=[GET]}" onto public java.lang.String com.mindtree.cms.controller.NavigationController.getBlogDetails(java.lang.String,java.lang.String,org.springframework.ui.Model) throws java.lang.NumberFormatException,java.lang.Exception
2017-02-13 22:50:16.410  INFO 9744 --- [main] s.w.s.m.m.a.RequestMappingHandlerMapping : Mapped "{[/userLogin],methods=[POST]}" onto public java.lang.String com.mindtree.cms.controller.NavigationController.doLogin(com.mindtree.cms.pojo.GuestUser,org.springframework.validation.BindingResult,org.springframework.ui.ModelMap) throws java.lang.Exception
2017-02-13 22:50:16.411  INFO 9744 --- [main] s.w.s.m.m.a.RequestMappingHandlerMapping : Mapped "{[/backToMain],methods=[GET]}" onto public java.lang.String com.mindtree.cms.controller.NavigationController.doGoBacktoView(java.lang.String,org.springframework.ui.Model) throws java.lang.Exception
2017-02-13 22:50:16.415  INFO 9744 --- [main] s.w.s.m.m.a.RequestMappingHandlerMapping : Mapped "{[/addBlogComment],methods=[POST]}" onto public java.util.List<com.mindtree.cms.pojo.Comment> com.mindtree.cms.controller.NavigationController.saveBlogComments(com.mindtree.cms.pojo.Comment,javax.servlet.http.HttpServletRequest,javax.servlet.http.HttpServletResponse)
2017-02-13 22:50:16.416  INFO 9744 --- [main] s.w.s.m.m.a.RequestMappingHandlerMapping : Mapped "{[/twitter/home],methods=[GET]}" onto public java.util.List<org.springframework.social.twitter.api.Tweet> com.mindtree.cms.controller.SocialController.home(java.lang.String)
2017-02-13 22:50:16.421  INFO 9744 --- [main] s.w.s.m.m.a.RequestMappingHandlerMapping : Mapped "{[/error]}" onto public org.springframework.http.ResponseEntity<java.util.Map<java.lang.String, java.lang.Object>> org.springframework.boot.autoconfigure.web.BasicErrorController.error(javax.servlet.http.HttpServletRequest)
2017-02-13 22:50:16.421  INFO 9744 --- [main] s.w.s.m.m.a.RequestMappingHandlerMapping : Mapped "{[/error],produces=[text/html]}" onto public org.springframework.web.servlet.ModelAndView org.springframework.boot.autoconfigure.web.BasicErrorController.errorHtml(javax.servlet.http.HttpServletRequest,javax.servlet.http.HttpServletResponse)
2017-02-13 22:50:16.448  INFO 9744 --- [main] com.mindtree.cms.aspect.MyLogger         : ***** Starting: addViewControllers *****
2017-02-13 22:50:16.453  INFO 9744 --- [main] com.mindtree.cms.aspect.MyLogger         : ***** Completed: addViewControllers *****
2017-02-13 22:50:16.461  INFO 9744 --- [main] o.s.w.s.handler.SimpleUrlHandlerMapping  : Mapped URL path [/customLogin] onto handler of type [class org.springframework.web.servlet.mvc.ParameterizableViewController]
2017-02-13 22:50:16.534  INFO 9744 --- [main] s.w.s.m.m.a.RequestMappingHandlerAdapter : Looking for @ControllerAdvice: org.springframework.boot.context.embedded.AnnotationConfigEmbeddedWebApplicationContext@7d20d0b: startup date [Mon Feb 13 22:50:11 IST 2017]; root of context hierarchy
2017-02-13 22:50:16.613  INFO 9744 --- [main] com.mindtree.cms.aspect.MyLogger         : ***** Starting: configureViewResolvers *****
2017-02-13 22:50:16.618  INFO 9744 --- [main] com.mindtree.cms.aspect.MyLogger         : ***** Completed: configureViewResolvers *****
2017-02-13 22:50:16.820  INFO 9744 --- [main] o.s.s.web.DefaultSecurityFilterChain     : Creating filter chain: org.springframework.security.web.util.matcher.AnyRequestMatcher@1, [org.springframework.security.web.context.request.async.WebAsyncManagerIntegrationFilter@12fcb2c3, org.springframework.security.web.context.SecurityContextPersistenceFilter@7d9c45ee, org.springframework.security.web.header.HeaderWriterFilter@60dc1a4e, org.springframework.security.web.authentication.logout.LogoutFilter@5bc63e20, org.springframework.security.web.authentication.UsernamePasswordAuthenticationFilter@6de004f1, org.springframework.security.web.savedrequest.RequestCacheAwareFilter@6e24ce51, org.springframework.security.web.servletapi.SecurityContextHolderAwareRequestFilter@74960e9d, org.springframework.security.web.authentication.AnonymousAuthenticationFilter@57bd6a8f, org.springframework.security.web.session.SessionManagementFilter@31efacad, org.springframework.security.web.access.ExceptionTranslationFilter@2cfe272f, org.springframework.security.web.access.intercept.FilterSecurityInterceptor@805e72e]
2017-02-13 22:50:16.834  INFO 9744 --- [main] com.mindtree.cms.aspect.MyLogger         : ***** Starting: multipartResolver *****
2017-02-13 22:50:16.842  INFO 9744 --- [main] com.mindtree.cms.aspect.MyLogger         : ***** Completed: multipartResolver *****
2017-02-13 22:50:17.220  INFO 9744 --- [main] o.s.s.c.ThreadPoolTaskScheduler          : Initializing ExecutorService  'taskScheduler'
2017-02-13 22:50:17.450  INFO 9744 --- [main] o.s.j.e.a.AnnotationMBeanExporter        : Registering beans for JMX exposure on startup
2017-02-13 22:50:17.460  INFO 9744 --- [main] o.s.j.e.a.AnnotationMBeanExporter        : Bean with name 'integrationMbeanExporter' has been autodetected for JMX exposure
2017-02-13 22:50:17.465  INFO 9744 --- [main] o.s.j.e.a.AnnotationMBeanExporter        : Located managed bean 'integrationMbeanExporter': registering with JMX server as MBean [org.springframework.integration.monitor:name=integrationMbeanExporter,type=IntegrationMBeanExporter]
2017-02-13 22:50:17.491  INFO 9744 --- [main] o.s.i.monitor.IntegrationMBeanExporter   : Registering beans for JMX exposure on startup
2017-02-13 22:50:17.492  INFO 9744 --- [main] o.s.i.monitor.IntegrationMBeanExporter   : Registering MessageChannel nullChannel
2017-02-13 22:50:17.494  INFO 9744 --- [main] o.s.i.monitor.IntegrationMBeanExporter   : Located managed bean 'org.springframework.integration:type=MessageChannel,name=nullChannel': registering with JMX server as MBean [org.springframework.integration:type=MessageChannel,name=nullChannel]
2017-02-13 22:50:17.505  INFO 9744 --- [main] o.s.i.monitor.IntegrationMBeanExporter   : Registering MessageChannel errorChannel
2017-02-13 22:50:17.506  INFO 9744 --- [main] o.s.i.monitor.IntegrationMBeanExporter   : Located managed bean 'org.springframework.integration:type=MessageChannel,name=errorChannel': registering with JMX server as MBean [org.springframework.integration:type=MessageChannel,name=errorChannel]
2017-02-13 22:50:17.538  INFO 9744 --- [main] o.s.i.monitor.IntegrationMBeanExporter   : Located managed bean 'org.springframework.integration:type=MessageHandler,name=errorLogger,bean=internal': registering with JMX server as MBean [org.springframework.integration:type=MessageHandler,name=errorLogger,bean=internal]
2017-02-13 22:50:17.556  INFO 9744 --- [main] o.s.c.support.DefaultLifecycleProcessor  : Starting beans in phase 0
2017-02-13 22:50:17.561  INFO 9744 --- [main] o.s.i.endpoint.EventDrivenConsumer       : Adding {logging-channel-adapter:_org.springframework.integration.errorLogger} as a subscriber to the 'errorChannel' channel
2017-02-13 22:50:17.561  INFO 9744 --- [main] o.s.i.channel.PublishSubscribeChannel    : Channel 'application:8080.errorChannel' has 1 subscriber(s).
2017-02-13 22:50:17.561  INFO 9744 --- [main] o.s.i.endpoint.EventDrivenConsumer       : started _org.springframework.integration.errorLogger
2017-02-13 22:50:17.621  INFO 9744 --- [main] s.b.c.e.t.TomcatEmbeddedServletContainer : Tomcat started on port(s): 8080 (http)
2017-02-13 22:50:17.627  INFO 9744 --- [main] c.m.cms.CmsAppM1030436Application        : Started CmsAppM1030436Application in 6.736 seconds (JVM running for 7.237)
2017-02-13 22:50:53.901  INFO 9744 --- [http-nio-8080-exec-1] o.a.c.c.C.[Tomcat].[localhost].[/]       : Initializing Spring FrameworkServlet 'dispatcherServlet'
2017-02-13 22:50:53.906  INFO 9744 --- [http-nio-8080-exec-1] o.s.web.servlet.DispatcherServlet        : FrameworkServlet 'dispatcherServlet': initialization started
2017-02-13 22:50:53.931  INFO 9744 --- [http-nio-8080-exec-1] o.s.web.servlet.DispatcherServlet        : FrameworkServlet 'dispatcherServlet': initialization completed in 25 ms
2017-02-13 22:50:53.970  INFO 9744 --- [http-nio-8080-exec-1] com.mindtree.cms.aspect.MyLogger         : ***** Starting: viewFirst *****
2017-02-13 22:50:53.975  INFO 9744 --- [http-nio-8080-exec-1] com.mindtree.cms.aspect.MyLogger         : ***** Completed: viewFirst *****
2017-02-13 22:50:54.706  WARN 9744 --- [http-nio-8080-exec-2] o.s.web.servlet.PageNotFound             : No mapping found for HTTP request with URI [/src/images/new.jpg] in DispatcherServlet with name 'dispatcherServlet'
2017-02-13 22:51:12.533  INFO 9744 --- [http-nio-8080-exec-5] com.mindtree.cms.aspect.MyLogger         : ***** Starting: homePage *****
2017-02-13 22:51:12.544  INFO 9744 --- [http-nio-8080-exec-5] com.mindtree.cms.aspect.MyLogger         : ***** Completed: homePage *****
2017-02-13 22:51:14.661  INFO 9744 --- [http-nio-8080-exec-6] com.mindtree.cms.aspect.MyLogger         : ***** Starting: addBlogContents *****
2017-02-13 22:51:14.666  INFO 9744 --- [http-nio-8080-exec-6] com.mindtree.cms.aspect.MyLogger         : ***** Completed: addBlogContents *****
2017-02-13 22:51:32.966  INFO 9744 --- [http-nio-8080-exec-7] com.mindtree.cms.aspect.MyLogger         : ***** Starting: success *****
2017-02-13 22:51:32.970  INFO 9744 --- [http-nio-8080-exec-7] com.mindtree.cms.aspect.MyLogger         : ***** Starting: convertToBytes *****
2017-02-13 22:51:32.975  INFO 9744 --- [http-nio-8080-exec-7] com.mindtree.cms.aspect.MyLogger         : ***** Completed: convertToBytes *****
2017-02-13 22:51:33.027  INFO 9744 --- [http-nio-8080-exec-7] com.mindtree.cms.aspect.MyLogger         : ***** Starting: addBlog *****
2017-02-13 22:51:33.027  INFO 9744 --- [http-nio-8080-exec-7] com.mindtree.cms.aspect.MyLogger         : ***** Starting: addBlog *****
2017-02-13 22:51:33.120  INFO 9744 --- [http-nio-8080-exec-7] com.mindtree.cms.aspect.MyLogger         : ***** Completed: addBlog *****
2017-02-13 22:51:33.120  INFO 9744 --- [http-nio-8080-exec-7] com.mindtree.cms.aspect.MyLogger         : ***** Completed: addBlog *****
2017-02-13 22:51:33.123  INFO 9744 --- [http-nio-8080-exec-7] com.mindtree.cms.aspect.MyLogger         : ***** Completed: success *****
2017-02-13 22:51:39.309  INFO 9744 --- [http-nio-8080-exec-10] com.mindtree.cms.aspect.MyLogger         : ***** Starting: viewFirst *****
2017-02-13 22:51:39.315  INFO 9744 --- [http-nio-8080-exec-10] com.mindtree.cms.aspect.MyLogger         : ***** Completed: viewFirst *****
2017-02-13 22:51:39.327  WARN 9744 --- [http-nio-8080-exec-1] o.s.web.servlet.PageNotFound             : No mapping found for HTTP request with URI [/src/images/new.jpg] in DispatcherServlet with name 'dispatcherServlet'
2017-02-13 22:51:43.728  INFO 9744 --- [http-nio-8080-exec-2] com.mindtree.cms.aspect.MyLogger         : ***** Starting: doLogin *****
2017-02-13 22:51:43.737  INFO 9744 --- [http-nio-8080-exec-2] com.mindtree.cms.aspect.MyLogger         : ***** Starting: listBlogs *****
2017-02-13 22:51:43.741  INFO 9744 --- [http-nio-8080-exec-2] com.mindtree.cms.aspect.MyLogger         : ***** Starting: listBlogs *****
2017-02-13 22:51:44.039  INFO 9744 --- [http-nio-8080-exec-2] com.mindtree.cms.aspect.MyLogger         : ***** Completed: listBlogs *****
2017-02-13 22:51:44.040  INFO 9744 --- [http-nio-8080-exec-2] com.mindtree.cms.aspect.MyLogger         : ***** Starting: Base64ImgConvertor *****
2017-02-13 22:51:44.046  INFO 9744 --- [http-nio-8080-exec-2] com.mindtree.cms.aspect.MyLogger         : ***** Completed: Base64ImgConvertor *****
2017-02-13 22:51:44.053  INFO 9744 --- [http-nio-8080-exec-2] com.mindtree.cms.aspect.MyLogger         : ***** Completed: listBlogs *****
2017-02-13 22:51:44.054  INFO 9744 --- [http-nio-8080-exec-2] com.mindtree.cms.aspect.MyLogger         : ***** Completed: doLogin *****
2017-02-13 22:51:46.418  INFO 9744 --- [http-nio-8080-exec-3] com.mindtree.cms.aspect.MyLogger         : ***** Starting: getBlogDetails *****
2017-02-13 22:51:46.429  INFO 9744 --- [http-nio-8080-exec-3] com.mindtree.cms.aspect.MyLogger         : ***** Starting: getBlogById *****
2017-02-13 22:51:46.436  INFO 9744 --- [http-nio-8080-exec-3] com.mindtree.cms.aspect.MyLogger         : ***** Starting: getBlogById *****
2017-02-13 22:51:46.439  INFO 9744 --- [http-nio-8080-exec-3] com.mindtree.cms.aspect.MyLogger         : ***** Completed: getBlogById *****
2017-02-13 22:51:46.457  INFO 9744 --- [http-nio-8080-exec-3] com.mindtree.cms.aspect.MyLogger         : ***** Starting: Base64ImgConvertor *****
2017-02-13 22:51:46.457  INFO 9744 --- [http-nio-8080-exec-3] com.mindtree.cms.aspect.MyLogger         : ***** Completed: Base64ImgConvertor *****
2017-02-13 22:51:46.466  INFO 9744 --- [http-nio-8080-exec-3] com.mindtree.cms.aspect.MyLogger         : ***** Completed: getBlogById *****
2017-02-13 22:51:46.468  INFO 9744 --- [http-nio-8080-exec-3] com.mindtree.cms.aspect.MyLogger         : ***** Completed: getBlogDetails *****
2017-02-13 22:51:46.721  INFO 9744 --- [http-nio-8080-exec-4] com.mindtree.cms.aspect.MyLogger         : ***** Starting: home *****
2017-02-13 22:51:46.726  INFO 9744 --- [http-nio-8080-exec-4] com.mindtree.cms.aspect.MyLogger         : ***** Starting: getTwitterTemplate *****
2017-02-13 22:51:46.807  INFO 9744 --- [http-nio-8080-exec-4] com.mindtree.cms.aspect.MyLogger         : ***** Completed: getTwitterTemplate *****
2017-02-13 22:51:49.200  INFO 9744 --- [http-nio-8080-exec-4] com.mindtree.cms.aspect.MyLogger         : ***** Completed: home *****
2017-02-13 22:51:51.830  INFO 9744 --- [http-nio-8080-exec-5] com.mindtree.cms.aspect.MyLogger         : ***** Starting: saveBlogComments *****
2017-02-13 22:51:51.844  INFO 9744 --- [http-nio-8080-exec-5] com.mindtree.cms.aspect.MyLogger         : ***** Starting: findBlogComments *****
2017-02-13 22:51:51.851  INFO 9744 --- [http-nio-8080-exec-5] com.mindtree.cms.aspect.MyLogger         : ***** Starting: getBlogById *****
2017-02-13 22:51:51.852  INFO 9744 --- [http-nio-8080-exec-5] com.mindtree.cms.aspect.MyLogger         : ***** Completed: getBlogById *****
2017-02-13 22:51:51.868  INFO 9744 --- [http-nio-8080-exec-5] com.mindtree.cms.aspect.MyLogger         : ***** Completed: findBlogComments *****
2017-02-13 22:51:51.869  INFO 9744 --- [http-nio-8080-exec-5] com.mindtree.cms.aspect.MyLogger         : ***** Completed: saveBlogComments *****
2017-02-13 22:52:16.312  INFO 9744 --- [http-nio-8080-exec-6] com.mindtree.cms.aspect.MyLogger         : ***** Starting: saveBlogComments *****
2017-02-13 22:52:16.324  INFO 9744 --- [http-nio-8080-exec-6] com.mindtree.cms.aspect.MyLogger         : ***** Starting: saveBlogComment *****
2017-02-13 22:52:16.332  INFO 9744 --- [http-nio-8080-exec-6] com.mindtree.cms.aspect.MyLogger         : ***** Starting: getBlogById *****
2017-02-13 22:52:16.332  INFO 9744 --- [http-nio-8080-exec-6] com.mindtree.cms.aspect.MyLogger         : ***** Completed: getBlogById *****
2017-02-13 22:52:16.340  INFO 9744 --- [http-nio-8080-exec-6] com.mindtree.cms.aspect.MyLogger         : ***** Starting: saveComment *****
2017-02-13 22:52:16.417  INFO 9744 --- [http-nio-8080-exec-6] com.mindtree.cms.aspect.MyLogger         : ***** Completed: saveComment *****
2017-02-13 22:52:16.417  INFO 9744 --- [http-nio-8080-exec-6] com.mindtree.cms.aspect.MyLogger         : ***** Completed: saveBlogComment *****
2017-02-13 22:52:16.423  INFO 9744 --- [http-nio-8080-exec-6] com.mindtree.cms.aspect.MyLogger         : ***** Starting: findBlogComments *****
2017-02-13 22:52:16.423  INFO 9744 --- [http-nio-8080-exec-6] com.mindtree.cms.aspect.MyLogger         : ***** Starting: getBlogById *****
2017-02-13 22:52:16.424  INFO 9744 --- [http-nio-8080-exec-6] com.mindtree.cms.aspect.MyLogger         : ***** Completed: getBlogById *****
2017-02-13 22:52:16.433  INFO 9744 --- [http-nio-8080-exec-6] com.mindtree.cms.aspect.MyLogger         : ***** Completed: findBlogComments *****
2017-02-13 22:52:16.435  INFO 9744 --- [http-nio-8080-exec-6] com.mindtree.cms.aspect.MyLogger         : ***** Completed: saveBlogComments *****
2017-02-14 01:13:04.461  INFO 9744 --- [RMI TCP Connection(2)-192.168.0.56] inMXBeanRegistrar$SpringApplicationAdmin : Application shutdown requested.
2017-02-14 01:13:04.477  INFO 9744 --- [RMI TCP Connection(2)-192.168.0.56] ationConfigEmbeddedWebApplicationContext : Closing org.springframework.boot.context.embedded.AnnotationConfigEmbeddedWebApplicationContext@7d20d0b: startup date [Mon Feb 13 22:50:11 IST 2017]; root of context hierarchy
2017-02-14 01:13:04.491  INFO 9744 --- [RMI TCP Connection(2)-192.168.0.56] o.s.c.support.DefaultLifecycleProcessor  : Stopping beans in phase 0
2017-02-14 01:13:04.501  INFO 9744 --- [RMI TCP Connection(2)-192.168.0.56] o.s.i.endpoint.EventDrivenConsumer       : Removing {logging-channel-adapter:_org.springframework.integration.errorLogger} as a subscriber to the 'errorChannel' channel
2017-02-14 01:13:04.504  INFO 9744 --- [RMI TCP Connection(2)-192.168.0.56] o.s.i.channel.PublishSubscribeChannel    : Channel 'application:8080.errorChannel' has 0 subscriber(s).
2017-02-14 01:13:04.504  INFO 9744 --- [RMI TCP Connection(2)-192.168.0.56] o.s.i.endpoint.EventDrivenConsumer       : stopped _org.springframework.integration.errorLogger
2017-02-14 01:13:04.505  INFO 9744 --- [RMI TCP Connection(2)-192.168.0.56] o.s.s.c.ThreadPoolTaskScheduler          : Shutting down ExecutorService 'taskScheduler'
2017-02-14 01:13:04.505  INFO 9744 --- [RMI TCP Connection(2)-192.168.0.56] o.s.i.monitor.IntegrationMBeanExporter   : Unregistering JMX-exposed beans on shutdown
2017-02-14 01:13:04.509  INFO 9744 --- [RMI TCP Connection(2)-192.168.0.56] o.s.i.monitor.IntegrationMBeanExporter   : Unregistering JMX-exposed beans
2017-02-14 01:13:04.509  INFO 9744 --- [RMI TCP Connection(2)-192.168.0.56] o.s.i.monitor.IntegrationMBeanExporter   : Summary on shutdown: nullChannel
2017-02-14 01:13:04.509  INFO 9744 --- [RMI TCP Connection(2)-192.168.0.56] o.s.i.monitor.IntegrationMBeanExporter   : Summary on shutdown: errorChannel
2017-02-14 01:13:04.509  INFO 9744 --- [RMI TCP Connection(2)-192.168.0.56] o.s.i.monitor.IntegrationMBeanExporter   : Summary on shutdown: _org.springframework.integration.errorLogger.handler
2017-02-14 01:13:04.509  INFO 9744 --- [RMI TCP Connection(2)-192.168.0.56] o.s.j.e.a.AnnotationMBeanExporter        : Unregistering JMX-exposed beans on shutdown
2017-02-14 01:13:04.509  INFO 9744 --- [RMI TCP Connection(2)-192.168.0.56] o.s.j.e.a.AnnotationMBeanExporter        : Unregistering JMX-exposed beans
